<?xml version="1.0" encoding="UTF-8"?>
<!-- Generated by org.testng.reporters.JUnitReportReporter -->
<testsuite skipped="0" hostname="LAPTOP-6MBFVO23" name="testscripts.RegressionTest" tests="1" failures="0" timestamp="11 Jul 2020 09:09:29 GMT" time="89.232" errors="0">
  <testcase name="verifyUserCanLogOut" time="89.232" classname="testscripts.RegressionTest"/>
</testsuite> <!-- testscripts.RegressionTest -->
